[11:12:47] [main/INFO]: Setting user: Player611
[11:12:52] [Client thread/INFO]: LWJGL Version: 2.9.1
[11:14:08] [Client thread/INFO]: Reloading ResourceManager: Default, FMLFileResourcePack:Forge Mod Loader, FMLFileResourcePack:Minecraft Forge, FMLFileResourcePack:ICTMOD
[11:14:10] [Sound Library Loader/INFO]: Sound engine started
[11:14:19] [Client thread/INFO]: Created: 16x16 textures/blocks-atlas
[11:14:19] [Client thread/INFO]: Created: 16x16 textures/items-atlas
[11:14:20] [Client thread/INFO]: Reloading ResourceManager: Default, FMLFileResourcePack:Forge Mod Loader, FMLFileResourcePack:Minecraft Forge, FMLFileResourcePack:ICTMOD
[11:14:20] [Client thread/INFO]: Created: 512x256 textures/blocks-atlas
[11:14:21] [Client thread/INFO]: Created: 1024x512 textures/items-atlas
[11:14:22] [Sound Library Loader/INFO]: Sound engine started
[11:14:49] [Server thread/INFO]: Starting integrated minecraft server version 1.7.10
[11:14:49] [Server thread/INFO]: Generating keypair
[11:14:50] [Server thread/INFO]: Preparing start region for level 0
[11:14:51] [Server thread/INFO]: Preparing spawn area: 36%
[11:14:58] [Server thread/INFO]: Changing view distance to 12, from 10
[11:14:59] [Server thread/INFO]: Player611[local:E:6ead1609] logged in with entity id 458 at (70.44053579039507, 74.0, 136.9219656327826)
[11:14:59] [Server thread/INFO]: Player611 joined the game
[11:15:41] [Server thread/INFO]: Saving and pausing game...
[11:15:43] [Server thread/INFO]: Saving chunks for level 'test'/Overworld
[11:15:43] [Server thread/INFO]: Saving chunks for level 'test'/Nether
[11:15:43] [Server thread/INFO]: Saving chunks for level 'test'/The End
[11:15:43] [Server thread/INFO]: Stopping server
[11:15:43] [Server thread/INFO]: Saving players
[11:15:43] [Server thread/INFO]: Saving worlds
[11:15:43] [Server thread/INFO]: Saving chunks for level 'test'/Overworld
[11:15:43] [Server thread/INFO]: Saving chunks for level 'test'/Nether
[11:15:43] [Server thread/INFO]: Saving chunks for level 'test'/The End
[11:15:48] [Client thread/INFO]: Stopping!
