2018-02-21 23:35:46,399 [Worker-4] INFO  c.g.t.t.d.PublishedGradleVersions - Gradle version information cache is up-to-date. Trying to read.
2018-02-22 20:49:59,705 [Worker-0] INFO  c.g.t.t.d.PublishedGradleVersions - Gradle version information cache is up-to-date. Trying to read.
2018-02-22 21:11:18,458 [Worker-0] INFO  c.g.t.t.d.PublishedGradleVersions - Gradle version information cache is up-to-date. Trying to read.
2018-03-08 10:45:11,023 [Worker-1] INFO  c.g.t.t.d.PublishedGradleVersions - Gradle version information cache is out-of-date. Trying to update.
2018-03-08 11:03:28,428 [Worker-1] INFO  c.g.t.t.d.PublishedGradleVersions - Gradle version information cache is up-to-date. Trying to read.
2018-03-08 12:37:43,508 [Worker-5] INFO  c.g.t.t.d.PublishedGradleVersions - Gradle version information cache is up-to-date. Trying to read.
2018-03-08 13:59:57,916 [Worker-4] INFO  c.g.t.t.d.PublishedGradleVersions - Gradle version information cache is up-to-date. Trying to read.
2018-03-08 20:31:18,459 [Worker-4] INFO  c.g.t.t.d.PublishedGradleVersions - Gradle version information cache is up-to-date. Trying to read.
2018-03-08 21:48:45,597 [Worker-4] INFO  c.g.t.t.d.PublishedGradleVersions - Gradle version information cache is up-to-date. Trying to read.
2018-03-08 21:51:32,701 [Worker-0] INFO  c.g.t.t.d.PublishedGradleVersions - Gradle version information cache is up-to-date. Trying to read.
2018-03-09 20:24:01,540 [Worker-3] INFO  c.g.t.t.d.PublishedGradleVersions - Gradle version information cache is out-of-date. Trying to update.
2018-03-09 21:04:31,726 [Start Help Server] INFO  org.eclipse.jetty.util.log - Logging initialized @2509010ms to org.eclipse.jetty.util.log.Slf4jLog
2018-03-09 21:04:32,624 [Start Help Server] INFO  org.eclipse.jetty.server.Server - jetty-9.4.5.v20170502
2018-03-09 21:04:32,683 [Start Help Server] INFO  org.eclipse.jetty.server.session - DefaultSessionIdManager workerName=node0
2018-03-09 21:04:32,684 [Start Help Server] INFO  org.eclipse.jetty.server.session - No SessionScavenger set, using defaults
2018-03-09 21:04:32,688 [Start Help Server] INFO  org.eclipse.jetty.server.session - Scavenging every 600000ms
2018-03-09 21:04:32,829 [Start Help Server] INFO  o.e.j.server.handler.ContextHandler - Started o.e.j.s.ServletContextHandler@54aeb144{/help,null,AVAILABLE}
2018-03-09 21:04:32,959 [Start Help Server] INFO  o.e.jetty.server.AbstractConnector - Started ServerConnector@6810d00e{HTTP/1.1,[http/1.1]}{127.0.0.1:59362}
2018-03-09 21:04:32,960 [Start Help Server] INFO  org.eclipse.jetty.server.Server - Started @2510245ms
2018-03-09 22:21:56,389 [Stop Help Server] INFO  o.e.jetty.server.AbstractConnector - Stopped ServerConnector@6810d00e{HTTP/1.1,[http/1.1]}{127.0.0.1:0}
2018-03-09 22:21:56,413 [Stop Help Server] INFO  org.eclipse.jetty.server.session - Stopped scavenging
2018-03-09 22:21:56,651 [Stop Help Server] INFO  o.e.j.server.handler.ContextHandler - Stopped o.e.j.s.ServletContextHandler@54aeb144{/help,null,UNAVAILABLE}
2018-03-11 11:12:35,878 [Worker-3] INFO  c.g.t.t.d.PublishedGradleVersions - Gradle version information cache is out-of-date. Trying to update.
